Arguments: 
  C:\Program Files\nodejs\node.exe C:\Users\FLORI\AppData\Roaming\npm\node_modules\yarn\bin\yarn.js add cors

PATH: 
  C:\Program Files\Git\mingw64\bin;C:\Program Files\Git\usr\bin;C:\Users\FLORI\bin;C:\Program Files (x86)\Common Files\Oracle\Java\javapath;C:\Python38\Scripts;C:\Python38;C:\Program Files (x86)\Intel\iCLS Client;C:\Program Files\Intel\iCLS Client;C:\WINDOWS\system32;C:\WINDOWS;C:\WINDOWS\System32\Wbem;C:\WINDOWS\System32\WindowsPowerShell\v1.0;C:\WINDOWS\System32\OpenSSH;C:\Program Files (x86)\Intel\Intel(R) Management Engine Components\DAL;C:\Program Files\Intel\Intel(R) Management Engine Components\DAL;C:\Program Files (x86)\Intel\Intel(R) Management Engine Components\IPT;C:\Program Files\Intel\Intel(R) Management Engine Components\IPT;C:\Program Files\dotnet;C:\Program Files\Microsoft SQL Server\130\Tools\Binn;C:\Program Files\Microsoft SQL Server\Client SDK\ODBC\170\Tools\Binn;C:\Program Files\Microsoft SQL Server\Client SDK\ODBC\130\Tools\Binn;C:\Program Files (x86)\Microsoft SQL Server\140\Tools\Binn;C:\Program Files\Microsoft SQL Server\140\Tools\Binn;C:\Program Files\Microsoft SQL Server\140\DTS\Binn;C:\Program Files (x86)\Microsoft SQL Server\150\DTS\Binn;C:\Program Files\PuTTY;C:\Program Files\Git\cmd;C:\ProgramData\chocolatey\bin;C:\Users\FLORI\AppData\Roaming\nvm;C:\Program Files\nodejs;C:\Program Files\nodejs;C:\Program Files\Docker\Docker\resources\bin;C:\ProgramData\DockerDesktop\version-bin;C:\Ruby25-x64\bin;C:\Users\FLORI\AppData\Local\Programs\Python\Python37-32\Scripts;C:\Users\FLORI\AppData\Local\Programs\Python\Python37-32;C:\Users\FLORI\AppData\Local\Microsoft\WindowsApps;C:\Program Files\JetBrains\PyCharm Community Edition 2019.2.4\bin;C:\Users\FLORI\AppData\Roaming\nvm;C:\Program Files\nodejs;C:\Users\FLORI\AppData\Roaming\npm;C:\Users\FLORI\AppData\Local\Android\Sdk\emulator;C:\Users\FLORI\AppData\Local\Android\Sdk\tools;C:\Users\FLORI\AppData\Local\Android\Sdk\tools\bin;C:\Users\FLORI\AppData\Local\Android\Sdk\platform-tools

Yarn version: 
  1.22.4

Node version: 
  12.18.0

Platform: 
  win32 x64

Trace: 
  Error: getaddrinfo ENOTFOUND registry.yarnpkg.com
      at GetAddrInfoReqWrap.onlookup [as oncomplete] (dns.js:66:26)

npm manifest: 
  {
    "name": "backend",
    "version": "1.0.0",
    "main": "index.js",
    "license": "MIT",
    "dependencies": {
      "bcryptjs": "^2.4.3"
    }
  }

yarn manifest: 
  No manifest

Lockfile: 
  # THIS IS AN AUTOGENERATED FILE. DO NOT EDIT THIS FILE DIRECTLY.
  # yarn lockfile v1
  
  
  bcryptjs@^2.4.3:
    version "2.4.3"
    resolved "https://registry.yarnpkg.com/bcryptjs/-/bcryptjs-2.4.3.tgz#9ab5627b93e60621ff7cdac5da9733027df1d0cb"
    integrity sha1-mrVie5PmBiH/fNrF2pczAn3x0Ms=
